<?xml version="1.0" encoding="UTF-8"?>
<!-- Generated by org.testng.reporters.JUnitReportReporter -->
<testsuite hostname="KARTHI" failures="1" tests="1" name="com.rest.api.schema.CheckSchemaTest" time="3.023" errors="0" timestamp="20 Sep 2022 19:27:55 GMT" skipped="0">
  <testcase classname="com.rest.api.schema.CheckSchemaTest" name="get_User_API_Schema_Test" time="3.023">
    <failure message="1 expectation failed.
Response body doesn&#039;t match expectation.
Expected: The content to match the given JSON schema.
error: instance type (integer) does not match any allowed primitive type (allowed: [&quot;null&quot;])
    level: &quot;error&quot;
    schema: {&quot;loadingURI&quot;:&quot;file:/D:/JavaXps/RESTAssuredAPI/target/test-classes/getUsersSchema.json#&quot;,&quot;pointer&quot;:&quot;/items/0/properties/id&quot;}
    instance: {&quot;pointer&quot;:&quot;/0/id&quot;}
    domain: &quot;validation&quot;
    keyword: &quot;type&quot;
    found: &quot;integer&quot;
    expected: [&quot;null&quot;]

  Actual: [{&quot;id&quot;:2794,&quot;name&quot;:&quot;Purushottam Johar&quot;,&quot;email&quot;:&quot;purushottam_johar@harris-mann.net&quot;,&quot;gender&quot;:&quot;male&quot;,&quot;status&quot;:&quot;inactive&quot;},{&quot;id&quot;:2050,&quot;name&quot;:&quot;Gov. Purushottam Mehra&quot;,&quot;email&quot;:&quot;mehra_purushottam_gov@rice.org&quot;,&quot;gender&quot;:&quot;male&quot;,&quot;status&quot;:&quot;inactive&quot;},{&quot;id&quot;:1870,&quot;name&quot;:&quot;Shobhana Naik Sr.&quot;,&quot;email&quot;:&quot;sr_naik_shobhana@tillman.co&quot;,&quot;gender&quot;:&quot;male&quot;,&quot;status&quot;:&quot;inactive&quot;},{&quot;id&quot;:374,&quot;name&quot;:&quot;Shobhana Bandopadhyay III&quot;,&quot;email&quot;:&quot;bandopadhyay_shobhana_iii@corkery.name&quot;,&quot;gender&quot;:&quot;male&quot;,&quot;status&quot;:&quot;inactive&quot;},{&quot;id&quot;:316,&quot;name&quot;:&quot;Purushottam Bhattacharya&quot;,&quot;email&quot;:&quot;bhattacharya_purushottam@morar.co&quot;,&quot;gender&quot;:&quot;male&quot;,&quot;status&quot;:&quot;active&quot;},{&quot;id&quot;:121,&quot;name&quot;:&quot;Shobhana Khatri&quot;,&quot;email&quot;:&quot;shobhana_khatri@jacobson.name&quot;,&quot;gender&quot;:&quot;male&quot;,&quot;status&quot;:&quot;inactive&quot;}]
" type="java.lang.AssertionError">
      <![CDATA[java.lang.AssertionError: 1 expectation failed.
Response body doesn't match expectation.
Expected: The content to match the given JSON schema.
error: instance type (integer) does not match any allowed primitive type (allowed: ["null"])
    level: "error"
    schema: {"loadingURI":"file:/D:/JavaXps/RESTAssuredAPI/target/test-classes/getUsersSchema.json#","pointer":"/items/0/properties/id"}
    instance: {"pointer":"/0/id"}
    domain: "validation"
    keyword: "type"
    found: "integer"
    expected: ["null"]

  Actual: [{"id":2794,"name":"Purushottam Johar","email":"purushottam_johar@harris-mann.net","gender":"male","status":"inactive"},{"id":2050,"name":"Gov. Purushottam Mehra","email":"mehra_purushottam_gov@rice.org","gender":"male","status":"inactive"},{"id":1870,"name":"Shobhana Naik Sr.","email":"sr_naik_shobhana@tillman.co","gender":"male","status":"inactive"},{"id":374,"name":"Shobhana Bandopadhyay III","email":"bandopadhyay_shobhana_iii@corkery.name","gender":"male","status":"inactive"},{"id":316,"name":"Purushottam Bhattacharya","email":"bhattacharya_purushottam@morar.co","gender":"male","status":"active"},{"id":121,"name":"Shobhana Khatri","email":"shobhana_khatri@jacobson.name","gender":"male","status":"inactive"}]

at java.base/jdk.internal.reflect.NativeConstructorAccessorImpl.newInstance0(Native Method)
at java.base/jdk.internal.reflect.NativeConstructorAccessorImpl.newInstance(NativeConstructorAccessorImpl.java:62)
at java.base/jdk.internal.reflect.DelegatingConstructorAccessorImpl.newInstance(DelegatingConstructorAccessorImpl.java:45)
at java.base/java.lang.reflect.Constructor.newInstance(Constructor.java:490)
at org.codehaus.groovy.reflection.CachedConstructor.invoke(CachedConstructor.java:73)
at org.codehaus.groovy.reflection.CachedConstructor.doConstructorInvoke(CachedConstructor.java:60)
at org.codehaus.groovy.runtime.callsite.ConstructorSite$ConstructorSiteNoUnwrap.callConstructor(ConstructorSite.java:86)
at org.codehaus.groovy.runtime.callsite.CallSiteArray.defaultCallConstructor(CallSiteArray.java:58)
at org.codehaus.groovy.runtime.callsite.AbstractCallSite.callConstructor(AbstractCallSite.java:263)
at org.codehaus.groovy.runtime.callsite.AbstractCallSite.callConstructor(AbstractCallSite.java:277)
at io.restassured.internal.ResponseSpecificationImpl$HamcrestAssertionClosure.validate(ResponseSpecificationImpl.groovy:512)
at io.restassured.internal.ResponseSpecificationImpl$HamcrestAssertionClosure$validate$1.call(Unknown Source)
at io.restassured.internal.ResponseSpecificationImpl.validateResponseIfRequired(ResponseSpecificationImpl.groovy:696)
at io.restassured.internal.ResponseSpecificationImpl.this$2$validateResponseIfRequired(ResponseSpecificationImpl.groovy)
at java.base/jdk.internal.reflect.NativeMethodAccessorImpl.invoke0(Native Method)
at java.base/jdk.internal.reflect.NativeMethodAccessorImpl.invoke(NativeMethodAccessorImpl.java:62)
at java.base/jdk.internal.reflect.DelegatingMethodAccessorImpl.invoke(DelegatingMethodAccessorImpl.java:43)
at java.base/java.lang.reflect.Method.invoke(Method.java:566)
at org.codehaus.groovy.runtime.callsite.PlainObjectMetaMethodSite.doInvoke(PlainObjectMetaMethodSite.java:43)
at org.codehaus.groovy.runtime.callsite.PogoMetaMethodSite$PogoCachedMethodSiteNoUnwrapNoCoerce.invoke(PogoMetaMethodSite.java:198)
at org.codehaus.groovy.runtime.callsite.PogoMetaMethodSite.callCurrent(PogoMetaMethodSite.java:62)
at org.codehaus.groovy.runtime.callsite.CallSiteArray.defaultCallCurrent(CallSiteArray.java:50)
at org.codehaus.groovy.runtime.callsite.AbstractCallSite.callCurrent(AbstractCallSite.java:171)
at org.codehaus.groovy.runtime.callsite.AbstractCallSite.callCurrent(AbstractCallSite.java:185)
at io.restassured.internal.ResponseSpecificationImpl.body(ResponseSpecificationImpl.groovy:107)
at io.restassured.internal.ValidatableResponseOptionsImpl.body(ValidatableResponseOptionsImpl.java:238)
at com.rest.api.schema.CheckSchemaTest.get_User_API_Schema_Test(CheckSchemaTest.java:33)
at java.base/jdk.internal.reflect.NativeMethodAccessorImpl.invoke0(Native Method)
at java.base/jdk.internal.reflect.NativeMethodAccessorImpl.invoke(NativeMethodAccessorImpl.java:62)
at java.base/jdk.internal.reflect.DelegatingMethodAccessorImpl.invoke(DelegatingMethodAccessorImpl.java:43)
at java.base/java.lang.reflect.Method.invoke(Method.java:566)
at org.testng.internal.MethodInvocationHelper.invokeMethod(MethodInvocationHelper.java:124)
at org.testng.internal.Invoker.invokeMethod(Invoker.java:583)
at org.testng.internal.Invoker.invokeTestMethod(Invoker.java:719)
at org.testng.internal.Invoker.invokeTestMethods(Invoker.java:989)
at org.testng.internal.TestMethodWorker.invokeTestMethods(TestMethodWorker.java:125)
at org.testng.internal.TestMethodWorker.run(TestMethodWorker.java:109)
at org.testng.TestRunner.privateRun(TestRunner.java:648)
at org.testng.TestRunner.run(TestRunner.java:505)
at org.testng.SuiteRunner.runTest(SuiteRunner.java:455)
at org.testng.SuiteRunner.runSequentially(SuiteRunner.java:450)
at org.testng.SuiteRunner.privateRun(SuiteRunner.java:415)
at org.testng.SuiteRunner.run(SuiteRunner.java:364)
at org.testng.SuiteRunnerWorker.runSuite(SuiteRunnerWorker.java:52)
at org.testng.SuiteRunnerWorker.run(SuiteRunnerWorker.java:84)
at org.testng.TestNG.runSuitesSequentially(TestNG.java:1208)
at org.testng.TestNG.runSuitesLocally(TestNG.java:1137)
at org.testng.TestNG.runSuites(TestNG.java:1049)
at org.testng.TestNG.run(TestNG.java:1017)
at org.testng.remote.AbstractRemoteTestNG.run(AbstractRemoteTestNG.java:115)
at org.testng.remote.RemoteTestNG.initAndRun(RemoteTestNG.java:251)
at org.testng.remote.RemoteTestNG.main(RemoteTestNG.java:77)
]]>
    </failure>
  </testcase> <!-- get_User_API_Schema_Test -->
</testsuite> <!-- com.rest.api.schema.CheckSchemaTest -->
